number,value,datetime_start,datetime_complete,duration,params_colsample_bytree,params_learning_rate,params_min_child_samples,params_n_estimators,params_num_leaves,params_reg_alpha,params_reg_lambda,params_subsample,state
0,0.9574573746068532,2026-04-09 00:47:53.905501,2026-04-09 00:47:56.161655,0 days 00:00:02.256154,0.9012483786345593,0.06836837555860031,98,294,40,2.454868827223548,5.001407631412245,0.8835610454196368,COMPLETE
1,0.971167197582292,2026-04-09 00:47:53.928200,2026-04-09 00:47:56.735877,0 days 00:00:02.807677,0.7167867676157564,0.07433678124643449,21,495,55,4.5266148775342545,7.391661801976083,0.9438917744839472,COMPLETE
2,0.9576299238662693,2026-04-09 00:47:56.163163,2026-04-09 00:47:57.997341,0 days 00:00:01.834178,0.9209484828818689,0.09998703951576798,85,307,55,2.5570422977062535,4.5759282104317505,0.8791772585555516,COMPLETE
3,0.9688932547478717,2026-04-09 00:47:56.740736,2026-04-09 00:48:00.252378,0 days 00:00:03.511642,0.7437389777203296,0.060193331275400684,52,456,43,0.5574746006395102,5.692265736557827,0.9448563296069457,COMPLETE
4,0.9649958915365653,2026-04-09 00:47:58.004598,2026-04-09 00:48:00.339806,0 days 00:00:02.335208,0.739177856952467,0.09741192749823928,33,413,33,1.3617492267417646,1.120782857922536,0.8121126770610877,COMPLETE
5,0.9644853666557055,2026-04-09 00:48:00.254483,2026-04-09 00:48:03.079489,0 days 00:00:02.825006,0.877871656310506,0.07711701024050881,98,492,63,2.3029110284503043,3.540103197949837,0.8891716340262358,COMPLETE
6,0.9588361712679782,2026-04-09 00:48:00.343335,2026-04-09 00:48:02.645646,0 days 00:00:02.302311,0.9784991719989335,0.06000366235586067,55,348,63,2.6121620589980283,0.24487664435677622,0.9743334713102917,COMPLETE
7,0.9615828524319868,2026-04-09 00:48:02.645646,2026-04-09 00:48:04.444493,0 days 00:00:01.798847,0.8929602017163282,0.07600001323153899,80,233,53,1.1263840203614235,4.489593559170483,0.8124426132863865,COMPLETE
8,0.9703261669255293,2026-04-09 00:48:03.081496,2026-04-09 00:48:05.369727,0 days 00:00:02.288231,0.7468296241182095,0.07289005181926597,16,417,39,9.045239361221896,9.76775319184233,0.9649095535164726,COMPLETE
9,0.9639743378845204,2026-04-09 00:48:04.448553,2026-04-09 00:48:06.544687,0 days 00:00:02.096134,0.8403032351115373,0.06868240808901091,99,310,38,3.172962192123045,7.479827288276815,0.9150778475919672,COMPLETE
10,0.9649108390171748,2026-04-09 00:48:05.373242,2026-04-09 00:48:07.176811,0 days 00:00:01.803569,0.8049656439678723,0.07080521292822162,79,285,52,9.635183014173668,4.864486600607133,0.9972602576624914,COMPLETE
11,0.9691464113266225,2026-04-09 00:48:06.544687,2026-04-09 00:48:09.266846,0 days 00:00:02.722159,0.8076673702139563,0.08620120830696071,10,493,53,6.446611601236405,9.099715672870964,0.927521948100926,COMPLETE
12,0.9721746226030191,2026-04-09 00:48:07.178818,2026-04-09 00:48:09.633468,0 days 00:00:02.454650,0.7175253141755904,0.08373734965597682,11,415,48,6.641725614055467,9.84580474101497,0.9457934165628852,COMPLETE
13,0.9713352388730094,2026-04-09 00:48:09.273359,2026-04-09 00:48:12.169909,0 days 00:00:02.896550,0.7012915050883746,0.050578785260364224,11,412,47,6.379881675359534,9.721689032225331,0.9633513602933503,COMPLETE
14,0.9713352388730094,2026-04-09 00:48:09.641306,2026-04-09 00:48:11.887953,0 days 00:00:02.246647,0.7003573678231692,0.08608045662412754,27,410,47,5.75528033875559,7.674603598535997,0.940490426877183,COMPLETE
15,0.9693151133295148,2026-04-09 00:48:11.887953,2026-04-09 00:48:14.036341,0 days 00:00:02.148388,0.7054892047938757,0.08926285718382006,33,389,47,6.771313123668233,8.086230042713908,0.8508118597971079,COMPLETE
16,0.9656758088356052,2026-04-09 00:48:12.173502,2026-04-09 00:48:14.597328,0 days 00:00:02.423826,0.7794389431554684,0.05211729695340863,47,361,48,7.604908342861642,8.797654828744967,0.8521756808962201,COMPLETE
17,0.9650809300796976,2026-04-09 00:48:14.037689,2026-04-09 00:48:16.321128,0 days 00:00:02.283439,0.7882506957885316,0.05205494487809108,44,358,44,7.864252152863328,9.721294693414983,0.9994703249915707,COMPLETE
18,0.9688088415882112,2026-04-09 00:48:14.600406,2026-04-09 00:48:17.509465,0 days 00:00:02.909059,0.7726562542318723,0.050428839333690974,43,456,43,4.446725732747975,9.895284534177353,0.9975689235066179,COMPLETE
19,0.966524450278963,2026-04-09 00:48:16.323541,2026-04-09 00:48:18.669402,0 days 00:00:02.345861,0.7680492995417452,0.08063315045135672,67,436,58,4.6446130424128285,6.685435823724264,0.9692664453405128,COMPLETE
20,0.9615828524319868,2026-04-09 00:48:17.511484,2026-04-09 00:48:19.936733,0 days 00:00:02.425249,0.8315850465196303,0.08119129894225903,65,449,34,5.330906283097616,6.282849832602017,0.9625391552517678,COMPLETE
21,0.9678793838085874,2026-04-09 00:48:18.670910,2026-04-09 00:48:20.934170,0 days 00:00:02.263260,0.8557580844001215,0.06223146670604493,10,390,32,7.989780686635595,6.344713315617907,0.9218128699423164,COMPLETE
22,0.9713352388730094,2026-04-09 00:48:19.938740,2026-04-09 00:48:22.229343,0 days 00:00:02.290603,0.7048052151554821,0.09134233484624991,26,391,48,5.902252290554986,8.452372857585296,0.9339221275853994,COMPLETE
23,0.9715871979098628,2026-04-09 00:48:20.934170,2026-04-09 00:48:23.031644,0 days 00:00:02.097474,0.7055199885813358,0.09183856754166829,24,390,50,5.751786873337895,8.589455914090774,0.9442758093777719,COMPLETE
24,0.97125122508984,2026-04-09 00:48:22.234027,2026-04-09 00:48:24.495034,0 days 00:00:02.261007,0.7290043594398379,0.08652617336400059,27,420,49,6.863215900881363,7.793735384753319,0.9517032350761583,COMPLETE
25,0.9717551020408164,2026-04-09 00:48:23.035903,2026-04-09 00:48:25.072320,0 days 00:00:02.036417,0.7331248971872883,0.09553581166300497,17,330,50,6.779839708692238,9.190504996896317,0.9009302034878963,COMPLETE
26,0.970746854061121,2026-04-09 00:48:24.495034,2026-04-09 00:48:26.628458,0 days 00:00:02.133424,0.7536222725404934,0.09426189781124403,17,340,51,3.579579437854149,9.099448077033465,0.9067672934330009,COMPLETE
27,0.9721746226030191,2026-04-09 00:48:25.074101,2026-04-09 00:48:26.938209,0 days 00:00:01.864108,0.7519434343898236,0.09460086541724357,19,333,59,8.54795822940979,8.860707744710924,0.9077139032366548,COMPLETE
28,0.9719229513548808,2026-04-09 00:48:26.628458,2026-04-09 00:48:28.084337,0 days 00:00:01.455879,0.7264892594897331,0.09374735739616655,33,255,59,8.80512140034672,2.8140213892158066,0.8993629087330542,COMPLETE
29,0.9672023614299771,2026-04-09 00:48:26.941108,2026-04-09 00:48:28.464416,0 days 00:00:01.523308,0.8126128611488403,0.09582978716469638,37,254,59,8.89609554495127,2.613573273335593,0.8625884225141357,COMPLETE
30,0.9671176711767118,2026-04-09 00:48:28.086363,2026-04-09 00:48:29.674075,0 days 00:00:01.587712,0.8054418388686929,0.08186895791106472,31,269,60,8.908159522518984,2.7717005275224884,0.8659441092263341,COMPLETE
31,0.9695680628272251,2026-04-09 00:48:28.470092,2026-04-09 00:48:29.806616,0 days 00:00:01.336524,0.7603591284473779,0.08112911879571003,35,204,60,9.870882607378292,2.3155487924343223,0.8857662108144236,COMPLETE
32,0.9722584856396866,2026-04-09 00:48:29.674075,2026-04-09 00:48:31.404524,0 days 00:00:01.730449,0.7329960168275023,0.0996070934161653,20,327,56,7.459167378575991,1.8356773364980492,0.9017127579317321,COMPLETE
33,0.9718390335482818,2026-04-09 00:48:29.814394,2026-04-09 00:48:31.575021,0 days 00:00:01.760627,0.7261693612377627,0.09307935436523694,16,325,56,7.4508244090540625,3.5826998140095454,0.9004829411875968,COMPLETE
34,0.9725938009787928,2026-04-09 00:48:31.407824,2026-04-09 00:48:33.020458,0 days 00:00:01.612634,0.7283663763529167,0.09841404915767685,18,298,56,8.352810277767754,1.536861305418295,0.9130416304768172,COMPLETE
35,0.9717551020408164,2026-04-09 00:48:31.576673,2026-04-09 00:48:33.134486,0 days 00:00:01.557813,0.723129932523313,0.09973426605958373,21,293,57,8.364169075107686,1.3148932411904273,0.9139785047383504,COMPLETE
36,0.96465559756699,2026-04-09 00:48:33.022485,2026-04-09 00:48:34.172856,0 days 00:00:01.150371,0.9295705792979966,0.099980063237038,21,300,56,8.292122088622659,1.6052066637062388,0.9157122734140989,COMPLETE
37,0.9640595443704252,2026-04-09 00:48:33.139629,2026-04-09 00:48:34.179629,0 days 00:00:01.040000,0.9447191350524827,0.09860700760764099,19,308,55,7.260284190398816,1.6119598484969484,0.8748513524639021,COMPLETE
38,0.9678793838085874,2026-04-09 00:48:34.174364,2026-04-09 00:48:35.343571,0 days 00:00:01.169207,0.7874871096144542,0.09736036588472148,16,368,54,7.280454552272035,0.22126268199135146,0.8798100777578193,COMPLETE
39,0.972006855463968,2026-04-09 00:48:34.181197,2026-04-09 00:48:35.399705,0 days 00:00:01.218508,0.7452763696216491,0.08870054589726768,12,371,61,9.487373055107806,0.016015017974409185,0.8905160616247234,COMPLETE
40,0.9709150326797386,2026-04-09 00:48:35.344583,2026-04-09 00:48:36.376576,0 days 00:00:01.031993,0.7463989374767455,0.08924426914118877,39,320,61,9.429526287357572,0.8249028011964772,0.9287853819105468,COMPLETE
41,0.9690620396136849,2026-04-09 00:48:35.401727,2026-04-09 00:48:36.452521,0 days 00:00:01.050794,0.7600560833220951,0.08423627228271911,39,328,63,8.38127552122854,3.5829685714919783,0.8303608728339272,COMPLETE
42,0.9726775956284153,2026-04-09 00:48:36.376576,2026-04-09 00:48:37.559500,0 days 00:00:01.182924,0.7557089283072346,0.09051919836103467,12,376,62,8.480925211109271,0.6109671565136818,0.8897671646541901,COMPLETE
43,0.9725938009787928,2026-04-09 00:48:36.454529,2026-04-09 00:48:37.568606,0 days 00:00:01.114077,0.7196126597045212,0.09000517908188477,12,345,57,9.399144088411642,0.6854450931873286,0.8911239229143918,COMPLETE
44,0.972006855463968,2026-04-09 00:48:37.562521,2026-04-09 00:48:39.318467,0 days 00:00:01.755946,0.7173154278200239,0.09694677240775457,23,348,62,8.034382905448085,0.7139482344578845,0.8893530912350874,COMPLETE
45,0.9709991013806062,2026-04-09 00:48:37.570615,2026-04-09 00:48:39.646450,0 days 00:00:02.075835,0.7154386480660746,0.07852181498440199,13,346,45,7.944649495911212,0.6791706115091587,0.8907162718170062,COMPLETE
46,0.97125122508984,2026-04-09 00:48:39.320821,2026-04-09 00:48:41.086683,0 days 00:00:01.765862,0.7396114402145044,0.0781423106640814,13,285,45,9.244057838167372,1.9047104377390376,0.983358851064852,COMPLETE
47,0.972006855463968,2026-04-09 00:48:39.648471,2026-04-09 00:48:41.312711,0 days 00:00:01.664240,0.7361888373710236,0.09094734651630625,28,279,53,9.164547869841892,1.9364632400306385,0.9813112144390734,COMPLETE
48,0.9710831563470022,2026-04-09 00:48:41.087309,2026-04-09 00:48:43.003389,0 days 00:00:01.916080,0.7177523337052095,0.09099947277937664,29,371,41,6.246825317995516,2.1339336269546223,0.8743174807728493,COMPLETE
49,0.9729288975864319,2026-04-09 00:48:41.315291,2026-04-09 00:48:43.771705,0 days 00:00:02.456414,0.7151616590099216,0.0848278996340606,14,379,57,0.11713189236273891,5.351681860821428,0.8712392231271036,COMPLETE
